--------------------------------------------------------------------------------
-- Metadata
--------------------------------------------------------------------------------
Invocation:       /usr/local/bin/cg_annotate cachegrind.out.432520
I1 cache:         32768 B, 64 B, 8-way associative
D1 cache:         32768 B, 64 B, 8-way associative
LL cache:         8388608 B, 64 B, 16-way associative
Command:          ./exec
Events recorded:  Ir I1mr ILmr Dr D1mr DLmr Dw D1mw DLmw
Events shown:     Ir I1mr ILmr Dr D1mr DLmr Dw D1mw DLmw
Event sort order: Ir I1mr ILmr Dr D1mr DLmr Dw D1mw DLmw
Threshold:        0.1%
Annotation:       on

--------------------------------------------------------------------------------
-- Summary
--------------------------------------------------------------------------------
Ir______________ I1mr__________ ILmr__________ Dr_____________ D1mr__________ DLmr__________ Dw_____________ D1mw________ DLmw________ 

173,376 (100.0%) 1,377 (100.0%) 1,354 (100.0%) 41,154 (100.0%) 1,631 (100.0%) 1,346 (100.0%) 16,266 (100.0%) 638 (100.0%) 591 (100.0%)  PROGRAM TOTALS

--------------------------------------------------------------------------------
-- File:function summary
--------------------------------------------------------------------------------
  Ir___________________ I1mr_____________ ILmr_____________ Dr___________________ D1mr______________ DLmr______________ Dw__________________ D1mw______________ DLmw______________  file:function

< 50,536 (29.1%, 29.1%)  35 (2.5%,  2.5%)  35 (2.6%,  2.6%) 14,353 (34.9%, 34.9%) 341 (20.9%, 20.9%) 287 (21.3%, 21.3%) 6,367 (39.1%, 39.1%)  18  (2.8%,  2.8%)   5  (0.8%,  0.8%)  ./elf/./elf/dl-lookup.c:
  24,371 (14.1%)         18 (1.3%)         18 (1.3%)         8,188 (19.9%)        195 (12.0%)        159 (11.8%)        3,432 (21.1%)          8  (1.3%)          3  (0.5%)           do_lookup_x
  21,037 (12.1%)         11 (0.8%)         11 (0.8%)         4,461 (10.8%)         98  (6.0%)         88  (6.5%)        2,353 (14.5%)          8  (1.3%)          1  (0.2%)           _dl_lookup_symbol_x
   5,128  (3.0%)          6 (0.4%)          6 (0.4%)         1,704  (4.1%)         48  (2.9%)         40  (3.0%)          582  (3.6%)          2  (0.3%)          1  (0.2%)           check_match

< 18,911 (10.9%, 40.1%)  26 (1.9%,  4.4%)  26 (1.9%,  4.5%)  4,840 (11.8%, 46.6%) 459 (28.1%, 49.0%) 438 (32.5%, 53.9%) 2,207 (13.6%, 52.7%) 268 (42.0%, 44.8%) 258 (43.7%, 44.5%)  ./elf/../sysdeps/x86_64/dl-machine.h:
  18,025 (10.4%)         21 (1.5%)         21 (1.6%)         4,521 (11.0%)        415 (25.4%)        394 (29.3%)        2,056 (12.6%)        246 (38.6%)        236 (39.9%)           _dl_relocate_object
     883  (0.5%)          5 (0.4%)          5 (0.4%)           319  (0.8%)         44  (2.7%)         44  (3.3%)          148  (0.9%)         22  (3.4%)         22  (3.7%)           _dl_start

< 17,386 (10.0%, 50.1%)  12 (0.9%,  5.3%)  12 (0.9%,  5.4%)  3,177  (7.7%, 54.4%)  91  (5.6%, 54.6%)  71  (5.3%, 59.1%)    59  (0.4%, 53.1%)   1  (0.2%, 45.0%)   1  (0.2%, 44.7%)  ./elf/./elf/dl-tunables.c:
  16,464  (9.5%)          5 (0.4%)          5 (0.4%)         3,010  (7.3%)         54  (3.3%)         54  (4.0%)            6  (0.0%)          1  (0.2%)          1  (0.2%)           __GI___tunables_init
     677  (0.4%)          3 (0.2%)          3 (0.2%)           132  (0.3%)         37  (2.3%)         17  (1.3%)           33  (0.2%)          0                  0                   __tunable_get_val
     245  (0.1%)          4 (0.3%)          4 (0.3%)            35  (0.1%)          0                  0                   20  (0.1%)          0                  0                   __GI___tunable_set_val

< 16,809  (9.7%, 59.8%)  26 (1.9%,  7.2%)  26 (1.9%,  7.3%)  4,344 (10.6%, 64.9%)   9  (0.6%, 55.2%)   9  (0.7%, 59.8%)   872  (5.4%, 58.4%)   1  (0.2%, 45.1%)   0  (0.0%, 44.7%)  /home/spectre/Documents/The-UNSHARED-Spectre/PrimeProbe/primeprobe.c:
  16,312  (9.4%)          9 (0.7%)          9 (0.7%)         4,203 (10.2%)          8  (0.5%)          8  (0.6%)          803  (4.9%)          0                  0                   prime_cache_set
     497  (0.3%)         17 (1.2%)         17 (1.3%)           141  (0.3%)          1  (0.1%)          1  (0.1%)           69  (0.4%)          1  (0.2%)          0                   main

< 10,830  (6.2%, 66.0%)  19 (1.4%,  8.6%)  19 (1.4%,  8.7%)  2,563  (6.2%, 71.1%) 278 (17.0%, 72.2%) 264 (19.6%, 79.4%)   375  (2.3%, 60.7%)   3  (0.5%, 45.6%)   0  (0.0%, 44.7%)  ./elf/./elf/do-rel.h:
  10,015  (5.8%)         17 (1.2%)         17 (1.3%)         2,398  (5.8%)        258 (15.8%)        244 (18.1%)          375  (2.3%)          3  (0.5%)          0                   _dl_relocate_object
     815  (0.5%)          2 (0.1%)          2 (0.1%)           165  (0.4%)         20  (1.2%)         20  (1.5%)            0                  0                  0                   _dl_start

<  6,057  (3.5%, 69.5%)  51 (3.7%, 12.3%)  51 (3.8%, 12.5%)  1,422  (3.5%, 74.6%)  10  (0.6%, 72.8%)   7  (0.5%, 79.9%)   881  (5.4%, 66.2%)   1  (0.2%, 45.8%)   0  (0.0%, 44.7%)  ./stdio-common/./stdio-common/vfprintf-internal.c:__vfprintf_internal

<  5,897  (3.4%, 72.9%)  44 (3.2%, 15.5%)  43 (3.2%, 15.7%)  1,184  (2.9%, 77.5%)  51  (3.1%, 76.0%)  40  (3.0%, 82.9%)     0  (0.0%, 66.2%)   0  (0.0%, 45.8%)   0  (0.0%, 44.7%)  ./string/../sysdeps/x86_64/strcmp.S:strcmp

<  5,442  (3.1%, 76.1%)  27 (2.0%, 17.4%)  27 (2.0%, 17.7%)  1,244  (3.0%, 80.5%)   0  (0.0%, 76.0%)   0  (0.0%, 82.9%)   735  (4.5%, 70.7%)   0  (0.0%, 45.8%)   0  (0.0%, 44.7%)  ./libio/./libio/fileops.c:
   3,626  (2.1%)          7 (0.5%)          7 (0.5%)           767  (1.9%)          0                  0                  440  (2.7%)          0                  0                   _IO_file_xsputn@@GLIBC_2.2.5
     957  (0.6%)          6 (0.4%)          6 (0.4%)           249  (0.6%)          0                  0                  143  (0.9%)          0                  0                   _IO_file_overflow@@GLIBC_2.2.5
     491  (0.3%)          5 (0.4%)          5 (0.4%)           145  (0.4%)          0                  0                   99  (0.6%)          0                  0                   _IO_do_write@@GLIBC_2.2.5
     333  (0.2%)          3 (0.2%)          3 (0.2%)            72  (0.2%)          0                  0                   45  (0.3%)          0                  0                   _IO_file_write@@GLIBC_2.2.5

<  4,291  (2.5%, 78.5%)  48 (3.5%, 20.9%)  48 (3.5%, 21.2%)    649  (1.6%, 82.1%)   8  (0.5%, 76.5%)   8  (0.6%, 83.5%)   323  (2.0%, 72.7%)   4  (0.6%, 46.4%)   4  (0.7%, 45.3%)  ./elf/../sysdeps/x86/dl-cacheinfo.h:
   3,269  (1.9%)         10 (0.7%)         10 (0.7%)           499  (1.2%)          8  (0.5%)          8  (0.6%)           78  (0.5%)          0                  0                   intel_check_word.constprop.0
     596  (0.3%)          4 (0.3%)          4 (0.3%)            98  (0.2%)          0                  0                  158  (1.0%)          1  (0.2%)          1  (0.2%)           handle_intel.constprop.0
     219  (0.1%)         13 (0.9%)         13 (1.0%)            20  (0.0%)          0                  0                   16  (0.1%)          0                  0                   get_common_cache_info.constprop.0
     207  (0.1%)         21 (1.5%)         21 (1.6%)            32  (0.1%)          0                  0                   71  (0.4%)          3  (0.5%)          3  (0.5%)           init_cpu_features.constprop.0

<  2,874  (1.7%, 80.2%) 116 (8.4%, 29.3%) 116 (8.6%, 29.8%)    629  (1.5%, 83.6%)  47  (2.9%, 79.3%)  47  (3.5%, 87.0%)   334  (2.1%, 74.7%)  30  (4.7%, 51.1%)  30  (5.1%, 50.4%)  ./elf/./elf/dl-load.c:
   1,546  (0.9%)         41 (3.0%)         41 (3.0%)           331  (0.8%)         23  (1.4%)         23  (1.7%)          161  (1.0%)         12  (1.9%)         12  (2.0%)           _dl_map_object_from_fd
     445  (0.3%)         23 (1.7%)         23 (1.7%)           101  (0.2%)          1  (0.1%)          1  (0.1%)           70  (0.4%)          7  (1.1%)          7  (1.2%)           _dl_map_object
     343  (0.2%)         20 (1.5%)         20 (1.5%)            68  (0.2%)          7  (0.4%)          7  (0.5%)           22  (0.1%)          3  (0.5%)          3  (0.5%)           open_verify.constprop.0
     251  (0.1%)         12 (0.9%)         12 (0.9%)            55  (0.1%)         11  (0.7%)         11  (0.8%)           12  (0.1%)          2  (0.3%)          2  (0.3%)           open_verify.constprop.1

<  2,381  (1.4%, 81.6%)  22 (1.6%, 30.9%)  22 (1.6%, 31.4%)    802  (1.9%, 85.5%)  31  (1.9%, 81.2%)  28  (2.1%, 89.1%)   252  (1.5%, 76.3%)  21  (3.3%, 54.4%)  20  (3.4%, 53.8%)  ./elf/./elf/dl-version.c:
   2,309  (1.3%)         20 (1.5%)         20 (1.5%)           789  (1.9%)         31  (1.9%)         28  (2.1%)          244  (1.5%)         21  (3.3%)         20  (3.4%)           _dl_check_map_versions

<  2,222  (1.3%, 82.8%)   2 (0.1%, 31.1%)   2 (0.1%, 31.5%)      0  (0.0%, 85.5%)   0  (0.0%, 81.2%)   0  (0.0%, 89.1%)     0  (0.0%, 76.3%)   0  (0.0%, 54.4%)   0  (0.0%, 53.8%)  ./elf/../bits/stdlib-bsearch.h:intel_check_word.constprop.0

<  2,077  (1.2%, 84.0%)   2 (0.1%, 31.2%)   2 (0.1%, 31.7%)    394  (1.0%, 86.5%)   0  (0.0%, 81.2%)   0  (0.0%, 89.1%)     0  (0.0%, 76.3%)   0  (0.0%, 54.4%)   0  (0.0%, 53.8%)  ./elf/./elf/dl-tunables.h:
   2,042  (1.2%)          1 (0.1%)          1 (0.1%)           394  (1.0%)          0                  0                    0                  0                  0                   __GI___tunables_init

<  1,842  (1.1%, 85.1%)  62 (4.5%, 35.7%)  62 (4.6%, 36.3%)    193  (0.5%, 87.0%)   3  (0.2%, 81.4%)   2  (0.1%, 89.2%)   365  (2.2%, 78.5%)  49  (7.7%, 62.1%)  48  (8.1%, 61.9%)  ./malloc/./malloc/malloc.c:
     776  (0.4%)          2 (0.1%)          2 (0.1%)             0                  0                  0                  131  (0.8%)         35  (5.5%)         34  (5.8%)           ptmalloc_init.part.0
     566  (0.3%)         25 (1.8%)         25 (1.8%)            90  (0.2%)          0                  0                  100  (0.6%)          2  (0.3%)          2  (0.3%)           _int_malloc
     195  (0.1%)         20 (1.5%)         20 (1.5%)            47  (0.1%)          2  (0.1%)          1  (0.1%)           30  (0.2%)          2  (0.3%)          2  (0.3%)           sysmalloc

<  1,375  (0.8%, 85.9%)  92 (6.7%, 42.4%)  91 (6.7%, 43.0%)    335  (0.8%, 87.8%)  37  (2.3%, 83.7%)  24  (1.8%, 91.0%)   181  (1.1%, 79.6%)  18  (2.8%, 64.9%)  18  (3.0%, 65.0%)  ./elf/./elf/rtld.c:
   1,094  (0.6%)         68 (4.9%)         68 (5.0%)           269  (0.7%)         32  (2.0%)         21  (1.6%)          118  (0.7%)          9  (1.4%)          9  (1.5%)           dl_main

<  1,159  (0.7%, 86.6%)   8 (0.6%, 43.0%)   8 (0.6%, 43.6%)    197  (0.5%, 88.3%)   2  (0.1%, 83.8%)   2  (0.1%, 91.2%)   126  (0.8%, 80.4%)  13  (2.0%, 66.9%)  13  (2.2%, 67.2%)  ./string/../sysdeps/x86_64/multiarch/memmove-vec-unaligned-erms.S:
     636  (0.4%)          3 (0.2%)          3 (0.2%)           118  (0.3%)          0                  0                   71  (0.4%)          1  (0.2%)          1  (0.2%)           __memcpy_avx_unaligned_erms
     295  (0.2%)          4 (0.3%)          4 (0.3%)            79  (0.2%)          2  (0.1%)          2  (0.1%)           55  (0.3%)         12  (1.9%)         12  (2.0%)           memcpy
     188  (0.1%)          1 (0.1%)          1 (0.1%)             0                  0                  0                    0                  0                  0                   __mempcpy_avx_unaligned_erms

<  1,112  (0.6%, 87.2%)   5 (0.4%, 43.4%)   5 (0.4%, 43.9%)     92  (0.2%, 88.5%)   1  (0.1%, 83.9%)   1  (0.1%, 91.2%)    72  (0.4%, 80.8%)   0  (0.0%, 66.9%)   0  (0.0%, 67.2%)  ./stdio-common/./stdio-common/_itoa.c:_itoa_word

<    999  (0.6%, 87.8%)  22 (1.6%, 45.0%)  22 (1.6%, 45.6%)    167  (0.4%, 88.9%)  17  (1.0%, 84.9%)  15  (1.1%, 92.3%)    37  (0.2%, 81.1%)   2  (0.3%, 67.2%)   2  (0.3%, 67.5%)  ./elf/./elf/dl-cache.c:
     694  (0.4%)          4 (0.3%)          4 (0.3%)           102  (0.2%)          8  (0.5%)          8  (0.6%)            0                  0                  0                   _dl_cache_libcmp
     293  (0.2%)         16 (1.2%)         16 (1.2%)            62  (0.2%)          7  (0.4%)          7  (0.5%)           34  (0.2%)          2  (0.3%)          2  (0.3%)           _dl_load_cache_lookup

<    984  (0.6%, 88.4%)  35 (2.5%, 47.5%)  35 (2.6%, 48.2%)    199  (0.5%, 89.4%)   2  (0.1%, 85.0%)   2  (0.1%, 92.5%)    94  (0.6%, 81.6%)   7  (1.1%, 68.3%)   7  (1.2%, 68.7%)  ./elf/./elf/dl-deps.c:
     948  (0.5%)         34 (2.5%)         34 (2.5%)           183  (0.4%)          2  (0.1%)          2  (0.1%)           88  (0.5%)          6  (0.9%)          6  (1.0%)           _dl_map_object_deps

<    868  (0.5%, 88.9%)   0 (0.0%, 47.5%)   0 (0.0%, 48.2%)      0  (0.0%, 89.4%)   0  (0.0%, 85.0%)   0  (0.0%, 92.5%)   196  (1.2%, 82.8%)   0  (0.0%, 68.3%)   0  (0.0%, 68.7%)  ./elf/../sysdeps/generic/dl-protected.h:do_lookup_x

<    770  (0.4%, 89.3%)  37 (2.7%, 50.2%)  37 (2.7%, 50.9%)    142  (0.3%, 89.7%)   0  (0.0%, 85.0%)   0  (0.0%, 92.5%)   126  (0.8%, 83.6%)   9  (1.4%, 69.7%)   9  (1.5%, 70.2%)  ./elf/./elf/dl-hwcaps.c:_dl_important_hwcaps

<    743  (0.4%, 89.7%)   1 (0.1%, 50.3%)   1 (0.1%, 51.0%)    188  (0.5%, 90.2%)   0  (0.0%, 85.0%)   0  (0.0%, 92.5%)     0  (0.0%, 83.6%)   0  (0.0%, 69.7%)   0  (0.0%, 70.2%)  ./elf/../sysdeps/generic/ldsodefs.h:
     455  (0.3%)          1 (0.1%)          1 (0.1%)            91  (0.2%)          0                  0                    0                  0                  0                   do_lookup_x
     285  (0.2%)          0                 0                   95  (0.2%)          0                  0                    0                  0                  0                   _dl_relocate_object

<    697  (0.4%, 90.1%)  18 (1.3%, 51.6%)  18 (1.3%, 52.3%)    134  (0.3%, 90.5%)   4  (0.2%, 85.3%)   4  (0.3%, 92.8%)   131  (0.8%, 84.4%)  25  (3.9%, 73.7%)  25  (4.2%, 74.5%)  ./elf/./elf/dl-object.c:
     585  (0.3%)         15 (1.1%)         15 (1.1%)           105  (0.3%)          4  (0.2%)          4  (0.3%)          108  (0.7%)         24  (3.8%)         24  (4.1%)           _dl_new_object

<    684  (0.4%, 90.5%)   2 (0.1%, 51.7%)   2 (0.1%, 52.4%)     72  (0.2%, 90.7%)   7  (0.4%, 85.7%)   7  (0.5%, 93.3%)     0  (0.0%, 84.4%)   0  (0.0%, 73.7%)   0  (0.0%, 74.5%)  ./string/../sysdeps/x86_64/multiarch/strchr-avx2.S:__strchrnul_avx2

<    664  (0.4%, 90.9%)   7 (0.5%, 52.2%)   7 (0.5%, 53.0%)    114  (0.3%, 91.0%)   2  (0.1%, 85.8%)   1  (0.1%, 93.4%)   110  (0.7%, 85.1%)   3  (0.5%, 74.1%)   2  (0.3%, 74.8%)  ./elf/./elf/dl-minimal-malloc.c:
     574  (0.3%)          4 (0.3%)          4 (0.3%)           110  (0.3%)          2  (0.1%)          1  (0.1%)          110  (0.7%)          3  (0.5%)          2  (0.3%)           __minimal_malloc

<    632  (0.4%, 91.3%)  33 (2.4%, 54.6%)  33 (2.4%, 55.4%)    199  (0.5%, 91.4%)   8  (0.5%, 86.3%)   3  (0.2%, 93.6%)    94  (0.6%, 85.7%)   0  (0.0%, 74.1%)   0  (0.0%, 74.8%)  ./libio/./libio/genops.c:
     210  (0.1%)          5 (0.4%)          5 (0.4%)            69  (0.2%)          0                  0                   18  (0.1%)          0                  0                   _IO_default_xsputn

<    609  (0.4%, 91.6%)  25 (1.8%, 56.4%)  25 (1.8%, 57.2%)     76  (0.2%, 91.6%)   6  (0.4%, 86.7%)   0  (0.0%, 93.6%)   361  (2.2%, 87.9%)  42  (6.6%, 80.7%)  41  (6.9%, 81.7%)  ./elf/../elf/dl-tls.c:
     350  (0.2%)          3 (0.2%)          3 (0.2%)             7  (0.0%)          0                  0                  319  (2.0%)         41  (6.4%)         41  (6.9%)           _dl_allocate_tls_storage

<    574  (0.3%, 92.0%)  18 (1.3%, 57.7%)  18 (1.3%, 58.6%)    101  (0.2%, 91.9%)  13  (0.8%, 87.5%)  13  (1.0%, 94.6%)    48  (0.3%, 88.2%)  12  (1.9%, 82.6%)  12  (2.0%, 83.8%)  ./elf/./get-dynamic-info.h:
     331  (0.2%)         11 (0.8%)         11 (0.8%)            57  (0.1%)          7  (0.4%)          7  (0.5%)           30  (0.2%)          6  (0.9%)          6  (1.0%)           dl_main
     243  (0.1%)          7 (0.5%)          7 (0.5%)            44  (0.1%)          6  (0.4%)          6  (0.4%)           18  (0.1%)          6  (0.9%)          6  (1.0%)           _dl_start

<    553  (0.3%, 92.3%)  16 (1.2%, 58.9%)  16 (1.2%, 59.7%)    187  (0.5%, 92.3%)  24  (1.5%, 89.0%)   0  (0.0%, 94.6%)    80  (0.5%, 88.7%)   0  (0.0%, 82.6%)   0  (0.0%, 83.8%)  ./elf/./elf/dl-reloc.c:_dl_relocate_object

<    550  (0.3%, 92.6%)  27 (2.0%, 60.9%)  13 (1.0%, 60.7%)    155  (0.4%, 92.7%)   5  (0.3%, 89.3%)   0  (0.0%, 94.6%)    78  (0.5%, 89.2%)   0  (0.0%, 82.6%)   0  (0.0%, 83.8%)  ./elf/./elf/dl-sort-maps.c:
     284  (0.2%)          6 (0.4%)          3 (0.2%)            93  (0.2%)          3  (0.2%)          0                   48  (0.3%)          0                  0                   dfs_traversal.part.0
     254  (0.1%)         20 (1.5%)          9 (0.7%)            60  (0.1%)          2  (0.1%)          0                   28  (0.2%)          0                  0                   _dl_sort_maps

<    536  (0.3%, 92.9%)  10 (0.7%, 61.6%)  10 (0.7%, 61.4%)     92  (0.2%, 92.9%)  15  (0.9%, 90.2%)  15  (1.1%, 95.7%)    43  (0.3%, 89.4%)  12  (1.9%, 84.5%)  12  (2.0%, 85.8%)  ./elf/./elf/get-dynamic-info.h:_dl_map_object_from_fd

<    490  (0.3%, 93.2%)  10 (0.7%, 62.3%)  10 (0.7%, 62.2%)     74  (0.2%, 93.1%)   4  (0.2%, 90.4%)   2  (0.1%, 95.8%)    40  (0.2%, 89.7%)   0  (0.0%, 84.5%)   0  (0.0%, 85.8%)  ./stdlib/../stdlib/strtol_l.c:____strtol_l_internal

<    480  (0.3%, 93.5%)   4 (0.3%, 62.6%)   4 (0.3%, 62.5%)     96  (0.2%, 93.3%)   0  (0.0%, 90.4%)   0  (0.0%, 95.8%)   176  (1.1%, 90.8%)   0  (0.0%, 84.5%)   0  (0.0%, 85.8%)  ./stdio-common/./stdio-common/printf.c:printf

<    479  (0.3%, 93.7%)   6 (0.4%, 63.0%)   6 (0.4%, 62.9%)    102  (0.2%, 93.6%)   1  (0.1%, 90.5%)   1  (0.1%, 95.9%)    78  (0.5%, 91.2%)   0  (0.0%, 84.5%)   0  (0.0%, 85.8%)  ./elf/./elf/dl-hwcaps_split.c:
     437  (0.3%)          3 (0.2%)          3 (0.2%)            92  (0.2%)          1  (0.1%)          1  (0.1%)           76  (0.5%)          0                  0                   _dl_hwcaps_split_masked

<    437  (0.3%, 94.0%)  17 (1.2%, 64.3%)  17 (1.3%, 64.2%)    107  (0.3%, 93.8%)  15  (0.9%, 91.4%)  13  (1.0%, 96.9%)    40  (0.2%, 91.5%)   7  (1.1%, 85.6%)   7  (1.2%, 87.0%)  ./elf/../elf/dl-sysdep.c:
     435  (0.3%)         16 (1.2%)         16 (1.2%)           106  (0.3%)         15  (0.9%)         13  (1.0%)           40  (0.2%)          7  (1.1%)          7  (1.2%)           _dl_sysdep_start

<    429  (0.2%, 94.2%)   4 (0.3%, 64.6%)   4 (0.3%, 64.5%)    109  (0.3%, 94.1%)   1  (0.1%, 91.5%)   1  (0.1%, 97.0%)    69  (0.4%, 91.9%)   3  (0.5%, 86.1%)   3  (0.5%, 87.5%)  ./elf/./elf/dl-misc.c:
     387  (0.2%)          2 (0.1%)          2 (0.1%)           103  (0.3%)          0                  0                   60  (0.4%)          1  (0.2%)          1  (0.2%)           _dl_name_match_p

<    386  (0.2%, 94.5%)  29 (2.1%, 66.7%)  27 (2.0%, 66.5%)    182  (0.4%, 94.6%)   5  (0.3%, 91.8%)   0  (0.0%, 97.0%)    18  (0.1%, 92.0%)   1  (0.2%, 86.2%)   1  (0.2%, 87.6%)  ???:
     374  (0.2%)         28 (2.0%)         26 (1.9%)           180  (0.4%)          5  (0.3%)          0                   15  (0.1%)          1  (0.2%)          1  (0.2%)           ???

<    384  (0.2%, 94.7%)   6 (0.4%, 67.1%)   5 (0.4%, 66.8%)     48  (0.1%, 94.7%)   3  (0.2%, 92.0%)   3  (0.2%, 97.2%)     0  (0.0%, 92.0%)   0  (0.0%, 86.2%)   0  (0.0%, 87.6%)  ./string/../sysdeps/x86_64/multiarch/../strchr.S:index

<    379  (0.2%, 94.9%)  14 (1.0%, 68.1%)  14 (1.0%, 67.9%)     76  (0.2%, 94.9%)   2  (0.1%, 92.1%)   1  (0.1%, 97.3%)    27  (0.2%, 92.2%)   0  (0.0%, 86.2%)   0  (0.0%, 87.6%)  ./elf/../sysdeps/x86/dl-prop.h:
     212  (0.1%)          5 (0.4%)          5 (0.4%)            38  (0.1%)          1  (0.1%)          1  (0.1%)           17  (0.1%)          0                  0                   _dl_map_object_from_fd

<    344  (0.2%, 95.1%)   0 (0.0%, 68.1%)   0 (0.0%, 67.9%)     56  (0.1%, 95.0%)   1  (0.1%, 92.2%)   0  (0.0%, 97.3%)    16  (0.1%, 92.3%)   0  (0.0%, 86.2%)   0  (0.0%, 87.6%)  ./stdio-common/../libio/libioP.h:__vfprintf_internal

<    335  (0.2%, 95.3%)   4 (0.3%, 68.4%)   4 (0.3%, 68.2%)      7  (0.0%, 95.0%)   0  (0.0%, 92.2%)   0  (0.0%, 97.3%)   146  (0.9%, 93.2%)  35  (5.5%, 91.7%)  35  (5.9%, 93.6%)  ./string/../sysdeps/x86_64/multiarch/memset-vec-unaligned-erms.S:memset

<    329  (0.2%, 95.5%)   3 (0.2%, 68.6%)   3 (0.2%, 68.4%)     44  (0.1%, 95.1%)   4  (0.2%, 92.4%)   4  (0.3%, 97.5%)     0  (0.0%, 93.2%)   0  (0.0%, 91.7%)   0  (0.0%, 93.6%)  ./string/../sysdeps/x86_64/multiarch/strlen-vec.S:strlen

<    324  (0.2%, 95.7%)   2 (0.1%, 68.8%)   2 (0.1%, 68.5%)    108  (0.3%, 95.4%)   1  (0.1%, 92.5%)   0  (0.0%, 97.5%)   108  (0.7%, 93.8%)   0  (0.0%, 91.7%)   0  (0.0%, 93.6%)  ./nptl/./nptl/libc-cleanup.c:
     180  (0.1%)          1 (0.1%)          1 (0.1%)            54  (0.1%)          1  (0.1%)          0                   72  (0.4%)          0                  0                   __libc_cleanup_push_defer

<    288  (0.2%, 95.8%)   7 (0.5%, 69.3%)   7 (0.5%, 69.1%)     90  (0.2%, 95.6%)   0  (0.0%, 92.5%)   0  (0.0%, 97.5%)    29  (0.2%, 94.0%)   1  (0.2%, 91.8%)   1  (0.2%, 93.7%)  ./elf/./dl-map-segments.h:_dl_map_object_from_fd

<    273  (0.2%, 96.0%)  12 (0.9%, 70.2%)  12 (0.9%, 69.9%)     77  (0.2%, 95.8%)   2  (0.1%, 92.6%)   0  (0.0%, 97.5%)    39  (0.2%, 94.3%)   1  (0.2%, 92.0%)   0  (0.0%, 93.7%)  ./elf/./elf/dl-fini.c:_dl_fini

<    268  (0.2%, 96.1%)   7 (0.5%, 70.7%)   7 (0.5%, 70.5%)     95  (0.2%, 96.0%)   6  (0.4%, 92.9%)   4  (0.3%, 97.8%)    39  (0.2%, 94.5%)   0  (0.0%, 92.0%)   0  (0.0%, 93.7%)  ./elf/./elf/dl-lookup-direct.c:_dl_lookup_direct

<    257  (0.1%, 96.3%)   3 (0.2%, 70.9%)   3 (0.2%, 70.7%)     69  (0.2%, 96.2%)  41  (2.5%, 95.5%)   8  (0.6%, 98.4%)    16  (0.1%, 94.6%)   3  (0.5%, 92.5%)   2  (0.3%, 94.1%)  ./elf/./dl-find_object.h:_dl_find_object_from_map

<    251  (0.1%, 96.4%)   3 (0.2%, 71.1%)   3 (0.2%, 70.9%)    120  (0.3%, 96.5%)   2  (0.1%, 95.6%)   2  (0.1%, 98.6%)    34  (0.2%, 94.8%)   4  (0.6%, 93.1%)   4  (0.7%, 94.8%)  ./string/../sysdeps/x86_64/strcspn.S:strcspn

<    244  (0.1%, 96.6%)   2 (0.1%, 71.2%)   2 (0.1%, 71.0%)     85  (0.2%, 96.7%)   0  (0.0%, 95.6%)   0  (0.0%, 98.6%)     1  (0.0%, 94.8%)   0  (0.0%, 93.1%)   0  (0.0%, 94.8%)  ./elf/./elf/dl-environ.c:_dl_next_ld_env_entry

<    188  (0.1%, 96.7%)   7 (0.5%, 71.8%)   7 (0.5%, 71.6%)     68  (0.2%, 96.8%)   7  (0.4%, 96.0%)   1  (0.1%, 98.7%)    18  (0.1%, 94.9%)   1  (0.2%, 93.3%)   0  (0.0%, 94.8%)  ./elf/./elf/dl-runtime.c:_dl_fixup

--------------------------------------------------------------------------------
-- Function:file summary
--------------------------------------------------------------------------------
  Ir___________________ I1mr____________ ILmr____________ Dr__________________ D1mr______________ DLmr______________ Dw__________________ D1mw______________ DLmw______________  function:file

> 28,878 (16.7%, 16.7%) 54 (3.9%,  3.9%) 54 (4.0%,  4.0%) 7,201 (17.5%, 17.5%) 697 (42.7%, 42.7%) 638 (47.4%, 47.4%) 2,511 (15.4%, 15.4%) 249 (39.0%, 39.0%) 236 (39.9%, 39.9%)  _dl_relocate_object:
  18,025 (10.4%)        21 (1.5%)        21 (1.6%)        4,521 (11.0%)        415 (25.4%)        394 (29.3%)        2,056 (12.6%)        246 (38.6%)        236 (39.9%)           ./elf/../sysdeps/x86_64/dl-machine.h
  10,015  (5.8%)        17 (1.2%)        17 (1.3%)        2,398  (5.8%)        258 (15.8%)        244 (18.1%)          375  (2.3%)          3  (0.5%)          0                   ./elf/./elf/do-rel.h
     553  (0.3%)        16 (1.2%)        16 (1.2%)          187  (0.5%)         24  (1.5%)          0                   80  (0.5%)          0                  0                   ./elf/./elf/dl-reloc.c
     285  (0.2%)         0                0                  95  (0.2%)          0                  0                    0                  0                  0                   ./elf/../sysdeps/generic/ldsodefs.h

> 25,694 (14.8%, 31.5%) 19 (1.4%,  5.3%) 19 (1.4%,  5.4%) 8,279 (20.1%, 37.6%) 195 (12.0%, 54.7%) 159 (11.8%, 59.2%) 3,628 (22.3%, 37.7%)   8  (1.3%, 40.3%)   3  (0.5%, 40.4%)  do_lookup_x:
  24,371 (14.1%)        18 (1.3%)        18 (1.3%)        8,188 (19.9%)        195 (12.0%)        159 (11.8%)        3,432 (21.1%)          8  (1.3%)          3  (0.5%)           ./elf/./elf/dl-lookup.c
     868  (0.5%)         0                0                   0                  0                  0                  196  (1.2%)          0                  0                   ./elf/../sysdeps/generic/dl-protected.h
     455  (0.3%)         1 (0.1%)         1 (0.1%)           91  (0.2%)          0                  0                    0                  0                  0                   ./elf/../sysdeps/generic/ldsodefs.h

> 21,037 (12.1%, 43.6%) 11 (0.8%,  6.1%) 11 (0.8%,  6.2%) 4,461 (10.8%, 48.5%)  98  (6.0%, 60.7%)  88  (6.5%, 65.8%) 2,353 (14.5%, 52.2%)   8  (1.3%, 41.5%)   1  (0.2%, 40.6%)  _dl_lookup_symbol_x:./elf/./elf/dl-lookup.c

> 18,506 (10.7%, 54.3%)  6 (0.4%,  6.5%)  6 (0.4%,  6.6%) 3,404  (8.3%, 56.7%)  54  (3.3%, 64.0%)  54  (4.0%, 69.8%)     6  (0.0%, 52.2%)   1  (0.2%, 41.7%)   1  (0.2%, 40.8%)  __GI___tunables_init:
  16,464  (9.5%)         5 (0.4%)         5 (0.4%)        3,010  (7.3%)         54  (3.3%)         54  (4.0%)            6  (0.0%)          1  (0.2%)          1  (0.2%)           ./elf/./elf/dl-tunables.c
   2,042  (1.2%)         1 (0.1%)         1 (0.1%)          394  (1.0%)          0                  0                    0                  0                  0                   ./elf/./elf/dl-tunables.h

> 16,312  (9.4%, 63.7%)  9 (0.7%,  7.2%)  9 (0.7%,  7.3%) 4,203 (10.2%, 66.9%)   8  (0.5%, 64.5%)   8  (0.6%, 70.4%)   803  (4.9%, 57.2%)   0  (0.0%, 41.7%)   0  (0.0%, 40.8%)  prime_cache_set:/home/spectre/Documents/The-UNSHARED-Spectre/PrimeProbe/primeprobe.c

>  6,565  (3.8%, 67.5%) 51 (3.7%, 10.9%) 51 (3.8%, 11.1%) 1,494  (3.6%, 70.6%)  11  (0.7%, 65.2%)   7  (0.5%, 70.9%)   949  (5.8%, 63.0%)   1  (0.2%, 41.8%)   0  (0.0%, 40.8%)  __vfprintf_internal:
   6,057  (3.5%)        51 (3.7%)        51 (3.8%)        1,422  (3.5%)         10  (0.6%)          7  (0.5%)          881  (5.4%)          1  (0.2%)          0                   ./stdio-common/./stdio-common/vfprintf-internal.c
     344  (0.2%)         0                0                  56  (0.1%)          1  (0.1%)          0                   16  (0.1%)          0                  0                   ./stdio-common/../libio/libioP.h

>  5,914  (3.4%, 70.9%) 47 (3.4%, 14.3%) 46 (3.4%, 14.5%) 1,188  (2.9%, 73.5%)  51  (3.1%, 68.3%)  40  (3.0%, 73.8%)     0  (0.0%, 63.0%)   0  (0.0%, 41.8%)   0  (0.0%, 40.8%)  strcmp:
   5,897  (3.4%)        44 (3.2%)        43 (3.2%)        1,184  (2.9%)         51  (3.1%)         40  (3.0%)            0                  0                  0                   ./string/../sysdeps/x86_64/strcmp.S

>  5,491  (3.2%, 74.1%) 12 (0.9%, 15.2%) 12 (0.9%, 15.4%)   499  (1.2%, 74.7%)   8  (0.5%, 68.8%)   8  (0.6%, 74.4%)    78  (0.5%, 63.5%)   0  (0.0%, 41.8%)   0  (0.0%, 40.8%)  intel_check_word.constprop.0:
   3,269  (1.9%)        10 (0.7%)        10 (0.7%)          499  (1.2%)          8  (0.5%)          8  (0.6%)           78  (0.5%)          0                  0                   ./elf/../sysdeps/x86/dl-cacheinfo.h
   2,222  (1.3%)         2 (0.1%)         2 (0.1%)            0                  0                  0                    0                  0                  0                   ./elf/../bits/stdlib-bsearch.h

>  5,128  (3.0%, 77.0%)  6 (0.4%, 15.6%)  6 (0.4%, 15.8%) 1,704  (4.1%, 78.8%)  48  (2.9%, 71.7%)  40  (3.0%, 77.4%)   582  (3.6%, 67.1%)   2  (0.3%, 42.2%)   1  (0.2%, 40.9%)  check_match:./elf/./elf/dl-lookup.c

>  3,689  (2.1%, 79.1%)  8 (0.6%, 16.2%)  8 (0.6%, 16.4%)   767  (1.9%, 80.7%)   0  (0.0%, 71.7%)   0  (0.0%, 77.4%)   440  (2.7%, 69.8%)   0  (0.0%, 42.2%)   0  (0.0%, 40.9%)  _IO_file_xsputn@@GLIBC_2.2.5:
   3,626  (2.1%)         7 (0.5%)         7 (0.5%)          767  (1.9%)          0                  0                  440  (2.7%)          0                  0                   ./libio/./libio/fileops.c

>  2,672  (1.5%, 80.7%) 69 (5.0%, 21.2%) 69 (5.1%, 21.5%)   584  (1.4%, 82.1%)  40  (2.5%, 74.2%)  40  (3.0%, 80.4%)   257  (1.6%, 71.4%)  25  (3.9%, 46.1%)  25  (4.2%, 45.2%)  _dl_map_object_from_fd:
   1,546  (0.9%)        41 (3.0%)        41 (3.0%)          331  (0.8%)         23  (1.4%)         23  (1.7%)          161  (1.0%)         12  (1.9%)         12  (2.0%)           ./elf/./elf/dl-load.c
     536  (0.3%)        10 (0.7%)        10 (0.7%)           92  (0.2%)         15  (0.9%)         15  (1.1%)           43  (0.3%)         12  (1.9%)         12  (2.0%)           ./elf/./elf/get-dynamic-info.h
     288  (0.2%)         7 (0.5%)         7 (0.5%)           90  (0.2%)          0                  0                   29  (0.2%)          1  (0.2%)          1  (0.2%)           ./elf/./dl-map-segments.h
     212  (0.1%)         5 (0.4%)         5 (0.4%)           38  (0.1%)          1  (0.1%)          1  (0.1%)           17  (0.1%)          0                  0                   ./elf/../sysdeps/x86/dl-prop.h

>  2,318  (1.3%, 82.0%) 20 (1.5%, 22.7%) 20 (1.5%, 23.0%)   792  (1.9%, 84.0%)  31  (1.9%, 76.1%)  28  (2.1%, 82.5%)   247  (1.5%, 72.9%)  21  (3.3%, 49.4%)  20  (3.4%, 48.6%)  _dl_check_map_versions:
   2,309  (1.3%)        20 (1.5%)        20 (1.5%)          789  (1.9%)         31  (1.9%)         28  (2.1%)          244  (1.5%)         21  (3.3%)         20  (3.4%)           ./elf/./elf/dl-version.c

>  2,054  (1.2%, 83.2%) 24 (1.7%, 24.4%) 23 (1.7%, 24.7%)   553  (1.3%, 85.4%)  73  (4.5%, 80.6%)  71  (5.3%, 87.7%)   193  (1.2%, 74.1%)  35  (5.5%, 54.9%)  35  (5.9%, 54.5%)  _dl_start:
     883  (0.5%)         5 (0.4%)         5 (0.4%)          319  (0.8%)         44  (2.7%)         44  (3.3%)          148  (0.9%)         22  (3.4%)         22  (3.7%)           ./elf/../sysdeps/x86_64/dl-machine.h
     815  (0.5%)         2 (0.1%)         2 (0.1%)          165  (0.4%)         20  (1.2%)         20  (1.5%)            0                  0                  0                   ./elf/./elf/do-rel.h
     243  (0.1%)         7 (0.5%)         7 (0.5%)           44  (0.1%)          6  (0.4%)          6  (0.4%)           18  (0.1%)          6  (0.9%)          6  (1.0%)           ./elf/./get-dynamic-info.h

>  1,618  (0.9%, 84.1%) 93 (6.8%, 31.2%) 93 (6.9%, 31.5%)   373  (0.9%, 86.3%)  41  (2.5%, 83.1%)  29  (2.2%, 89.9%)   166  (1.0%, 75.1%)  15  (2.4%, 57.2%)  15  (2.5%, 57.0%)  dl_main:
   1,094  (0.6%)        68 (4.9%)        68 (5.0%)          269  (0.7%)         32  (2.0%)         21  (1.6%)          118  (0.7%)          9  (1.4%)          9  (1.5%)           ./elf/./elf/rtld.c
     331  (0.2%)        11 (0.8%)        11 (0.8%)           57  (0.1%)          7  (0.4%)          7  (0.5%)           30  (0.2%)          6  (0.9%)          6  (1.0%)           ./elf/./get-dynamic-info.h

>  1,112  (0.6%, 84.8%)  5 (0.4%, 31.5%)  5 (0.4%, 31.9%)    92  (0.2%, 86.5%)   1  (0.1%, 83.1%)   1  (0.1%, 90.0%)    72  (0.4%, 75.5%)   0  (0.0%, 57.2%)   0  (0.0%, 57.0%)  _itoa_word:./stdio-common/./stdio-common/_itoa.c

>    967  (0.6%, 85.3%) 35 (2.5%, 34.1%) 35 (2.6%, 34.5%)   188  (0.5%, 86.9%)   2  (0.1%, 83.3%)   2  (0.1%, 90.1%)    96  (0.6%, 76.1%)   7  (1.1%, 58.3%)   7  (1.2%, 58.2%)  _dl_map_object_deps:
     948  (0.5%)        34 (2.5%)        34 (2.5%)          183  (0.4%)          2  (0.1%)          2  (0.1%)           88  (0.5%)          6  (0.9%)          6  (1.0%)           ./elf/./elf/dl-deps.c

>    957  (0.6%, 85.9%)  6 (0.4%, 34.5%)  6 (0.4%, 34.9%)   249  (0.6%, 87.6%)   0  (0.0%, 83.3%)   0  (0.0%, 90.1%)   143  (0.9%, 77.0%)   0  (0.0%, 58.3%)   0  (0.0%, 58.2%)  _IO_file_overflow@@GLIBC_2.2.5:./libio/./libio/fileops.c

>    845  (0.5%, 86.4%)  9 (0.7%, 35.1%)  9 (0.7%, 35.6%)     9  (0.0%, 87.6%)   2  (0.1%, 83.4%)   1  (0.1%, 90.2%)   148  (0.9%, 77.9%)  35  (5.5%, 63.8%)  34  (5.8%, 64.0%)  ptmalloc_init.part.0:
     776  (0.4%)         2 (0.1%)         2 (0.1%)            0                  0                  0                  131  (0.8%)         35  (5.5%)         34  (5.8%)           ./malloc/./malloc/malloc.c

>    820  (0.5%, 86.8%) 41 (3.0%, 38.1%) 41 (3.0%, 38.6%)   156  (0.4%, 88.0%)   0  (0.0%, 83.4%)   0  (0.0%, 90.2%)   151  (0.9%, 78.8%)   9  (1.4%, 65.2%)   9  (1.5%, 65.5%)  _dl_important_hwcaps:
     770  (0.4%)        37 (2.7%)        37 (2.7%)          142  (0.3%)          0                  0                  126  (0.8%)          9  (1.4%)          9  (1.5%)           ./elf/./elf/dl-hwcaps.c

>    694  (0.4%, 87.3%)  4 (0.3%, 38.4%)  4 (0.3%, 38.9%)   102  (0.2%, 88.2%)   8  (0.5%, 83.9%)   8  (0.6%, 90.8%)     0  (0.0%, 78.8%)   0  (0.0%, 65.2%)   0  (0.0%, 65.5%)  _dl_cache_libcmp:./elf/./elf/dl-cache.c

>    684  (0.4%, 87.6%)  2 (0.1%, 38.6%)  2 (0.1%, 39.1%)    72  (0.2%, 88.4%)   7  (0.4%, 84.3%)   7  (0.5%, 91.3%)     0  (0.0%, 78.8%)   0  (0.0%, 65.2%)   0  (0.0%, 65.5%)  __strchrnul_avx2:./string/../sysdeps/x86_64/multiarch/strchr-avx2.S

>    677  (0.4%, 88.0%)  3 (0.2%, 38.8%)  3 (0.2%, 39.3%)   132  (0.3%, 88.7%)  37  (2.3%, 86.6%)  17  (1.3%, 92.6%)    33  (0.2%, 79.0%)   0  (0.0%, 65.2%)   0  (0.0%, 65.5%)  __tunable_get_val:./elf/./elf/dl-tunables.c

>    636  (0.4%, 88.4%)  3 (0.2%, 39.0%)  3 (0.2%, 39.5%)   118  (0.3%, 89.0%)   0  (0.0%, 86.6%)   0  (0.0%, 92.6%)    71  (0.4%, 79.5%)   1  (0.2%, 65.4%)   1  (0.2%, 65.7%)  __memcpy_avx_unaligned_erms:./string/../sysdeps/x86_64/multiarch/memmove-vec-unaligned-erms.S

>    603  (0.3%, 88.7%) 16 (1.2%, 40.2%) 16 (1.2%, 40.7%)   110  (0.3%, 89.3%)   4  (0.2%, 86.8%)   4  (0.3%, 92.9%)   116  (0.7%, 80.2%)  24  (3.8%, 69.1%)  24  (4.1%, 69.7%)  _dl_new_object:
     585  (0.3%)        15 (1.1%)        15 (1.1%)          105  (0.3%)          4  (0.2%)          4  (0.3%)          108  (0.7%)         24  (3.8%)         24  (4.1%)           ./elf/./elf/dl-object.c

>    596  (0.3%, 89.1%)  4 (0.3%, 40.5%)  4 (0.3%, 41.0%)    98  (0.2%, 89.5%)   0  (0.0%, 86.8%)   0  (0.0%, 92.9%)   158  (1.0%, 81.2%)   1  (0.2%, 69.3%)   1  (0.2%, 69.9%)  handle_intel.constprop.0:./elf/../sysdeps/x86/dl-cacheinfo.h

>    574  (0.3%, 89.4%)  4 (0.3%, 40.7%)  4 (0.3%, 41.3%)   110  (0.3%, 89.8%)   2  (0.1%, 86.9%)   1  (0.1%, 92.9%)   110  (0.7%, 81.8%)   3  (0.5%, 69.7%)   2  (0.3%, 70.2%)  __minimal_malloc:./elf/./elf/dl-minimal-malloc.c

>    566  (0.3%, 89.8%) 25 (1.8%, 42.6%) 25 (1.8%, 43.1%)    90  (0.2%, 90.0%)   0  (0.0%, 86.9%)   0  (0.0%, 92.9%)   100  (0.6%, 82.4%)   2  (0.3%, 70.1%)   2  (0.3%, 70.6%)  _int_malloc:./malloc/./malloc/malloc.c

>    563  (0.3%, 90.1%)  6 (0.4%, 43.0%)  6 (0.4%, 43.6%)   145  (0.4%, 90.3%)   0  (0.0%, 86.9%)   0  (0.0%, 92.9%)    99  (0.6%, 83.1%)   0  (0.0%, 70.1%)   0  (0.0%, 70.6%)  _IO_do_write@@GLIBC_2.2.5:
     491  (0.3%)         5 (0.4%)         5 (0.4%)          145  (0.4%)          0                  0                   99  (0.6%)          0                  0                   ./libio/./libio/fileops.c

>    516  (0.3%, 90.4%) 36 (2.6%, 45.6%) 34 (2.5%, 46.1%)   203  (0.5%, 90.8%)   6  (0.4%, 87.3%)   1  (0.1%, 93.0%)    37  (0.2%, 83.3%)   1  (0.2%, 70.2%)   1  (0.2%, 70.7%)  ???:
     374  (0.2%)        28 (2.0%)        26 (1.9%)          180  (0.4%)          5  (0.3%)          0                   15  (0.1%)          1  (0.2%)          1  (0.2%)           ???

>    497  (0.3%, 90.7%) 17 (1.2%, 46.8%) 17 (1.3%, 47.3%)   141  (0.3%, 91.2%)   1  (0.1%, 87.4%)   1  (0.1%, 93.1%)    69  (0.4%, 83.7%)   1  (0.2%, 70.4%)   0  (0.0%, 70.7%)  main:/home/spectre/Documents/The-UNSHARED-Spectre/PrimeProbe/primeprobe.c

>    490  (0.3%, 90.9%) 10 (0.7%, 47.6%) 10 (0.7%, 48.1%)    74  (0.2%, 91.3%)   4  (0.2%, 87.6%)   2  (0.1%, 93.2%)    40  (0.2%, 84.0%)   0  (0.0%, 70.4%)   0  (0.0%, 70.7%)  ____strtol_l_internal:./stdlib/../stdlib/strtol_l.c

>    480  (0.3%, 91.2%)  4 (0.3%, 47.9%)  4 (0.3%, 48.4%)    96  (0.2%, 91.6%)   0  (0.0%, 87.6%)   0  (0.0%, 93.2%)   176  (1.1%, 85.0%)   0  (0.0%, 70.4%)   0  (0.0%, 70.7%)  printf:./stdio-common/./stdio-common/printf.c

>    445  (0.3%, 91.5%) 23 (1.7%, 49.5%) 23 (1.7%, 50.1%)   101  (0.2%, 91.8%)   1  (0.1%, 87.7%)   1  (0.1%, 93.3%)    70  (0.4%, 85.5%)   7  (1.1%, 71.5%)   7  (1.2%, 71.9%)  _dl_map_object:./elf/./elf/dl-load.c

>    438  (0.3%, 91.7%) 16 (1.2%, 50.7%) 16 (1.2%, 51.3%)   106  (0.3%, 92.1%)  15  (0.9%, 88.6%)  13  (1.0%, 94.3%)    42  (0.3%, 85.7%)   7  (1.1%, 72.6%)   7  (1.2%, 73.1%)  _dl_sysdep_start:
     435  (0.3%)        16 (1.2%)        16 (1.2%)          106  (0.3%)         15  (0.9%)         13  (1.0%)           40  (0.2%)          7  (1.1%)          7  (1.2%)           ./elf/../elf/dl-sysdep.c

>    437  (0.3%, 92.0%)  3 (0.2%, 50.9%)  3 (0.2%, 51.5%)    92  (0.2%, 92.3%)   1  (0.1%, 88.7%)   1  (0.1%, 94.4%)    76  (0.5%, 86.2%)   0  (0.0%, 72.6%)   0  (0.0%, 73.1%)  _dl_hwcaps_split_masked:./elf/./elf/dl-hwcaps_split.c

>    406  (0.2%, 92.2%)  8 (0.6%, 51.5%)  7 (0.5%, 52.0%)    52  (0.1%, 92.4%)   3  (0.2%, 88.8%)   3  (0.2%, 94.6%)     0  (0.0%, 86.2%)   0  (0.0%, 72.6%)   0  (0.0%, 73.1%)  index:
     384  (0.2%)         6 (0.4%)         5 (0.4%)           48  (0.1%)          3  (0.2%)          3  (0.2%)            0                  0                  0                   ./string/../sysdeps/x86_64/multiarch/../strchr.S

>    387  (0.2%, 92.4%)  2 (0.1%, 51.6%)  2 (0.1%, 52.1%)   103  (0.3%, 92.7%)   0  (0.0%, 88.8%)   0  (0.0%, 94.6%)    60  (0.4%, 86.6%)   1  (0.2%, 72.7%)   1  (0.2%, 73.3%)  _dl_name_match_p:./elf/./elf/dl-misc.c

>    384  (0.2%, 92.7%) 44 (3.2%, 54.8%) 44 (3.2%, 55.4%)    61  (0.1%, 92.8%)   1  (0.1%, 88.9%)   1  (0.1%, 94.7%)   104  (0.6%, 87.2%)   5  (0.8%, 73.5%)   5  (0.8%, 74.1%)  init_cpu_features.constprop.0:
     207  (0.1%)        21 (1.5%)        21 (1.6%)           32  (0.1%)          0                  0                   71  (0.4%)          3  (0.5%)          3  (0.5%)           ./elf/../sysdeps/x86/dl-cacheinfo.h

>    361  (0.2%, 92.9%)  7 (0.5%, 55.3%)  7 (0.5%, 55.9%)    11  (0.0%, 92.9%)   0  (0.0%, 88.9%)   0  (0.0%, 94.7%)   146  (0.9%, 88.1%)  35  (5.5%, 79.0%)  35  (5.9%, 80.0%)  memset:
     335  (0.2%)         4 (0.3%)         4 (0.3%)            7  (0.0%)          0                  0                  146  (0.9%)         35  (5.5%)         35  (5.9%)           ./string/../sysdeps/x86_64/multiarch/memset-vec-unaligned-erms.S

>    353  (0.2%, 93.1%)  5 (0.4%, 55.7%)  5 (0.4%, 56.3%)    48  (0.1%, 93.0%)   4  (0.2%, 89.1%)   4  (0.3%, 94.9%)     0  (0.0%, 88.1%)   0  (0.0%, 79.0%)   0  (0.0%, 80.0%)  strlen:
     329  (0.2%)         3 (0.2%)         3 (0.2%)           44  (0.1%)          4  (0.2%)          4  (0.3%)            0                  0                  0                   ./string/../sysdeps/x86_64/multiarch/strlen-vec.S

>    353  (0.2%, 93.3%)  3 (0.2%, 55.9%)  3 (0.2%, 56.5%)     9  (0.0%, 93.0%)   0  (0.0%, 89.1%)   0  (0.0%, 94.9%)   321  (2.0%, 90.1%)  41  (6.4%, 85.4%)  41  (6.9%, 87.0%)  _dl_allocate_tls_storage:
     350  (0.2%)         3 (0.2%)         3 (0.2%)            7  (0.0%)          0                  0                  319  (2.0%)         41  (6.4%)         41  (6.9%)           ./elf/../elf/dl-tls.c

>    345  (0.2%, 93.5%) 20 (1.5%, 57.4%) 20 (1.5%, 58.0%)    69  (0.2%, 93.2%)   7  (0.4%, 89.6%)   7  (0.5%, 95.5%)    23  (0.1%, 90.2%)   3  (0.5%, 85.9%)   3  (0.5%, 87.5%)  open_verify.constprop.0:
     343  (0.2%)        20 (1.5%)        20 (1.5%)           68  (0.2%)          7  (0.4%)          7  (0.5%)           22  (0.1%)          3  (0.5%)          3  (0.5%)           ./elf/./elf/dl-load.c

>    333  (0.2%, 93.7%)  3 (0.2%, 57.6%)  3 (0.2%, 58.2%)    72  (0.2%, 93.3%)   0  (0.0%, 89.6%)   0  (0.0%, 95.5%)    45  (0.3%, 90.5%)   0  (0.0%, 85.9%)   0  (0.0%, 87.5%)  _IO_file_write@@GLIBC_2.2.5:./libio/./libio/fileops.c

>    313  (0.2%, 93.8%) 18 (1.3%, 58.9%) 18 (1.3%, 59.5%)    64  (0.2%, 93.5%)   8  (0.5%, 90.1%)   8  (0.6%, 96.1%)    37  (0.2%, 90.7%)   3  (0.5%, 86.4%)   3  (0.5%, 88.0%)  _dl_load_cache_lookup:
     293  (0.2%)        16 (1.2%)        16 (1.2%)           62  (0.2%)          7  (0.4%)          7  (0.5%)           34  (0.2%)          2  (0.3%)          2  (0.3%)           ./elf/./elf/dl-cache.c

>    295  (0.2%, 94.0%)  4 (0.3%, 59.2%)  4 (0.3%, 59.8%)    79  (0.2%, 93.7%)   2  (0.1%, 90.2%)   2  (0.1%, 96.2%)    55  (0.3%, 91.1%)  12  (1.9%, 88.2%)  12  (2.0%, 90.0%)  memcpy:./string/../sysdeps/x86_64/multiarch/memmove-vec-unaligned-erms.S

>    290  (0.2%, 94.2%)  5 (0.4%, 59.5%)  5 (0.4%, 60.2%)    35  (0.1%, 93.8%)   0  (0.0%, 90.2%)   0  (0.0%, 96.2%)    20  (0.1%, 91.2%)   0  (0.0%, 88.2%)   0  (0.0%, 90.0%)  __GI___tunable_set_val:
     245  (0.1%)         4 (0.3%)         4 (0.3%)           35  (0.1%)          0                  0                   20  (0.1%)          0                  0                   ./elf/./elf/dl-tunables.c

>    284  (0.2%, 94.3%)  6 (0.4%, 60.0%)  3 (0.2%, 60.4%)    93  (0.2%, 94.0%)   3  (0.2%, 90.4%)   0  (0.0%, 96.2%)    48  (0.3%, 91.5%)   0  (0.0%, 88.2%)   0  (0.0%, 90.0%)  dfs_traversal.part.0:./elf/./elf/dl-sort-maps.c

>    273  (0.2%, 94.5%) 12 (0.9%, 60.9%) 12 (0.9%, 61.3%)    77  (0.2%, 94.2%)   2  (0.1%, 90.5%)   0  (0.0%, 96.2%)    39  (0.2%, 91.7%)   1  (0.2%, 88.4%)   0  (0.0%, 90.0%)  _dl_fini:./elf/./elf/dl-fini.c

>    268  (0.2%, 94.7%)  7 (0.5%, 61.4%)  7 (0.5%, 61.8%)    95  (0.2%, 94.4%)   6  (0.4%, 90.9%)   4  (0.3%, 96.5%)    39  (0.2%, 92.0%)   0  (0.0%, 88.4%)   0  (0.0%, 90.0%)  _dl_lookup_direct:./elf/./elf/dl-lookup-direct.c

>    261  (0.2%, 94.8%)  5 (0.4%, 61.7%)  5 (0.4%, 62.2%)    69  (0.2%, 94.6%)   0  (0.0%, 90.9%)   0  (0.0%, 96.5%)    18  (0.1%, 92.1%)   0  (0.0%, 88.4%)   0  (0.0%, 90.0%)  _IO_default_xsputn:
     210  (0.1%)         5 (0.4%)         5 (0.4%)           69  (0.2%)          0                  0                   18  (0.1%)          0                  0                   ./libio/./libio/genops.c

>    258  (0.1%, 95.0%)  5 (0.4%, 62.1%)  5 (0.4%, 62.6%)   123  (0.3%, 94.9%)   2  (0.1%, 91.0%)   2  (0.1%, 96.7%)    34  (0.2%, 92.3%)   4  (0.6%, 89.0%)   4  (0.7%, 90.7%)  strcspn:
     251  (0.1%)         3 (0.2%)         3 (0.2%)          120  (0.3%)          2  (0.1%)          2  (0.1%)           34  (0.2%)          4  (0.6%)          4  (0.7%)           ./string/../sysdeps/x86_64/strcspn.S

>    257  (0.1%, 95.1%)  3 (0.2%, 62.3%)  3 (0.2%, 62.8%)    69  (0.2%, 95.0%)  41  (2.5%, 93.5%)   8  (0.6%, 97.3%)    16  (0.1%, 92.4%)   3  (0.5%, 89.5%)   2  (0.3%, 91.0%)  _dl_find_object_from_map:./elf/./dl-find_object.h

>    254  (0.1%, 95.3%) 20 (1.5%, 63.8%)  9 (0.7%, 63.4%)    60  (0.1%, 95.2%)   2  (0.1%, 93.6%)   0  (0.0%, 97.3%)    28  (0.2%, 92.5%)   0  (0.0%, 89.5%)   0  (0.0%, 91.0%)  _dl_sort_maps:./elf/./elf/dl-sort-maps.c

>    253  (0.1%, 95.4%) 13 (0.9%, 64.7%) 13 (1.0%, 64.4%)    56  (0.1%, 95.3%)  11  (0.7%, 94.3%)  11  (0.8%, 98.1%)    13  (0.1%, 92.6%)   2  (0.3%, 89.8%)   2  (0.3%, 91.4%)  open_verify.constprop.1:
     251  (0.1%)        12 (0.9%)        12 (0.9%)           55  (0.1%)         11  (0.7%)         11  (0.8%)           12  (0.1%)          2  (0.3%)          2  (0.3%)           ./elf/./elf/dl-load.c

>    244  (0.1%, 95.5%)  2 (0.1%, 64.9%)  2 (0.1%, 64.5%)    85  (0.2%, 95.5%)   0  (0.0%, 94.3%)   0  (0.0%, 98.1%)     1  (0.0%, 92.6%)   0  (0.0%, 89.8%)   0  (0.0%, 91.4%)  _dl_next_ld_env_entry:./elf/./elf/dl-environ.c

>    219  (0.1%, 95.7%) 13 (0.9%, 65.8%) 13 (1.0%, 65.5%)    20  (0.0%, 95.6%)   0  (0.0%, 94.3%)   0  (0.0%, 98.1%)    16  (0.1%, 92.7%)   0  (0.0%, 89.8%)   0  (0.0%, 91.4%)  get_common_cache_info.constprop.0:./elf/../sysdeps/x86/dl-cacheinfo.h

>    196  (0.1%, 95.8%) 21 (1.5%, 67.3%) 21 (1.6%, 67.1%)    47  (0.1%, 95.7%)   2  (0.1%, 94.4%)   1  (0.1%, 98.1%)    31  (0.2%, 92.9%)   2  (0.3%, 90.1%)   2  (0.3%, 91.7%)  sysmalloc:
     195  (0.1%)        20 (1.5%)        20 (1.5%)           47  (0.1%)          2  (0.1%)          1  (0.1%)           30  (0.2%)          2  (0.3%)          2  (0.3%)           ./malloc/./malloc/malloc.c

>    192  (0.1%, 95.9%)  7 (0.5%, 67.8%)  7 (0.5%, 67.6%)    68  (0.2%, 95.9%)   7  (0.4%, 94.8%)   1  (0.1%, 98.2%)    20  (0.1%, 93.0%)   1  (0.2%, 90.3%)   0  (0.0%, 91.7%)  _dl_fixup:
     188  (0.1%)         7 (0.5%)         7 (0.5%)           68  (0.2%)          7  (0.4%)          1  (0.1%)           18  (0.1%)          1  (0.2%)          0                   ./elf/./elf/dl-runtime.c

>    188  (0.1%, 96.0%)  1 (0.1%, 67.9%)  1 (0.1%, 67.7%)     0  (0.0%, 95.9%)   0  (0.0%, 94.8%)   0  (0.0%, 98.2%)     0  (0.0%, 93.0%)   0  (0.0%, 90.3%)   0  (0.0%, 91.7%)  __mempcpy_avx_unaligned_erms:./string/../sysdeps/x86_64/multiarch/memmove-vec-unaligned-erms.S

>    180  (0.1%, 96.1%)  1 (0.1%, 68.0%)  1 (0.1%, 67.7%)    54  (0.1%, 96.0%)   1  (0.1%, 94.9%)   0  (0.0%, 98.2%)    72  (0.4%, 93.5%)   0  (0.0%, 90.3%)   0  (0.0%, 91.7%)  __libc_cleanup_push_defer:./nptl/./nptl/libc-cleanup.c

--------------------------------------------------------------------------------
-- Annotated source file: ./elf/../bits/stdlib-bsearch.h
--------------------------------------------------------------------------------
Unannotated because one or more of these original files are unreadable:
- ./elf/../bits/stdlib-bsearch.h

--------------------------------------------------------------------------------
-- Annotated source file: ./elf/../elf/dl-sysdep.c
--------------------------------------------------------------------------------
Unannotated because one or more of these original files are unreadable:
- ./elf/../elf/dl-sysdep.c

--------------------------------------------------------------------------------
-- Annotated source file: ./elf/../elf/dl-tls.c
--------------------------------------------------------------------------------
Unannotated because one or more of these original files are unreadable:
- ./elf/../elf/dl-tls.c

--------------------------------------------------------------------------------
-- Annotated source file: ./elf/../sysdeps/generic/dl-protected.h
--------------------------------------------------------------------------------
Unannotated because one or more of these original files are unreadable:
- ./elf/../sysdeps/generic/dl-protected.h

--------------------------------------------------------------------------------
-- Annotated source file: ./elf/../sysdeps/generic/ldsodefs.h
--------------------------------------------------------------------------------
Unannotated because one or more of these original files are unreadable:
- ./elf/../sysdeps/generic/ldsodefs.h

--------------------------------------------------------------------------------
-- Annotated source file: ./elf/../sysdeps/x86/dl-cacheinfo.h
--------------------------------------------------------------------------------
Unannotated because one or more of these original files are unreadable:
- ./elf/../sysdeps/x86/dl-cacheinfo.h

--------------------------------------------------------------------------------
-- Annotated source file: ./elf/../sysdeps/x86/dl-prop.h
--------------------------------------------------------------------------------
Unannotated because one or more of these original files are unreadable:
- ./elf/../sysdeps/x86/dl-prop.h

--------------------------------------------------------------------------------
-- Annotated source file: ./elf/../sysdeps/x86_64/dl-machine.h
--------------------------------------------------------------------------------
Unannotated because one or more of these original files are unreadable:
- ./elf/../sysdeps/x86_64/dl-machine.h

--------------------------------------------------------------------------------
-- Annotated source file: ./elf/./dl-find_object.h
--------------------------------------------------------------------------------
Unannotated because one or more of these original files are unreadable:
- ./elf/./dl-find_object.h

--------------------------------------------------------------------------------
-- Annotated source file: ./elf/./dl-map-segments.h
--------------------------------------------------------------------------------
Unannotated because one or more of these original files are unreadable:
- ./elf/./dl-map-segments.h

--------------------------------------------------------------------------------
-- Annotated source file: ./elf/./elf/dl-cache.c
--------------------------------------------------------------------------------
Unannotated because one or more of these original files are unreadable:
- ./elf/./elf/dl-cache.c

--------------------------------------------------------------------------------
-- Annotated source file: ./elf/./elf/dl-deps.c
--------------------------------------------------------------------------------
Unannotated because one or more of these original files are unreadable:
- ./elf/./elf/dl-deps.c

--------------------------------------------------------------------------------
-- Annotated source file: ./elf/./elf/dl-environ.c
--------------------------------------------------------------------------------
Unannotated because one or more of these original files are unreadable:
- ./elf/./elf/dl-environ.c

--------------------------------------------------------------------------------
-- Annotated source file: ./elf/./elf/dl-fini.c
--------------------------------------------------------------------------------
Unannotated because one or more of these original files are unreadable:
- ./elf/./elf/dl-fini.c

--------------------------------------------------------------------------------
-- Annotated source file: ./elf/./elf/dl-hwcaps.c
--------------------------------------------------------------------------------
Unannotated because one or more of these original files are unreadable:
- ./elf/./elf/dl-hwcaps.c

--------------------------------------------------------------------------------
-- Annotated source file: ./elf/./elf/dl-hwcaps_split.c
--------------------------------------------------------------------------------
Unannotated because one or more of these original files are unreadable:
- ./elf/./elf/dl-hwcaps_split.c

--------------------------------------------------------------------------------
-- Annotated source file: ./elf/./elf/dl-load.c
--------------------------------------------------------------------------------
Unannotated because one or more of these original files are unreadable:
- ./elf/./elf/dl-load.c

--------------------------------------------------------------------------------
-- Annotated source file: ./elf/./elf/dl-lookup-direct.c
--------------------------------------------------------------------------------
Unannotated because one or more of these original files are unreadable:
- ./elf/./elf/dl-lookup-direct.c

--------------------------------------------------------------------------------
-- Annotated source file: ./elf/./elf/dl-lookup.c
--------------------------------------------------------------------------------
Unannotated because one or more of these original files are unreadable:
- ./elf/./elf/dl-lookup.c

--------------------------------------------------------------------------------
-- Annotated source file: ./elf/./elf/dl-minimal-malloc.c
--------------------------------------------------------------------------------
Unannotated because one or more of these original files are unreadable:
- ./elf/./elf/dl-minimal-malloc.c

--------------------------------------------------------------------------------
-- Annotated source file: ./elf/./elf/dl-misc.c
--------------------------------------------------------------------------------
Unannotated because one or more of these original files are unreadable:
- ./elf/./elf/dl-misc.c

--------------------------------------------------------------------------------
-- Annotated source file: ./elf/./elf/dl-object.c
--------------------------------------------------------------------------------
Unannotated because one or more of these original files are unreadable:
- ./elf/./elf/dl-object.c

--------------------------------------------------------------------------------
-- Annotated source file: ./elf/./elf/dl-reloc.c
--------------------------------------------------------------------------------
Unannotated because one or more of these original files are unreadable:
- ./elf/./elf/dl-reloc.c

--------------------------------------------------------------------------------
-- Annotated source file: ./elf/./elf/dl-runtime.c
--------------------------------------------------------------------------------
Unannotated because one or more of these original files are unreadable:
- ./elf/./elf/dl-runtime.c

--------------------------------------------------------------------------------
-- Annotated source file: ./elf/./elf/dl-sort-maps.c
--------------------------------------------------------------------------------
Unannotated because one or more of these original files are unreadable:
- ./elf/./elf/dl-sort-maps.c

--------------------------------------------------------------------------------
-- Annotated source file: ./elf/./elf/dl-tunables.c
--------------------------------------------------------------------------------
Unannotated because one or more of these original files are unreadable:
- ./elf/./elf/dl-tunables.c

--------------------------------------------------------------------------------
-- Annotated source file: ./elf/./elf/dl-tunables.h
--------------------------------------------------------------------------------
Unannotated because one or more of these original files are unreadable:
- ./elf/./elf/dl-tunables.h

--------------------------------------------------------------------------------
-- Annotated source file: ./elf/./elf/dl-version.c
--------------------------------------------------------------------------------
Unannotated because one or more of these original files are unreadable:
- ./elf/./elf/dl-version.c

--------------------------------------------------------------------------------
-- Annotated source file: ./elf/./elf/do-rel.h
--------------------------------------------------------------------------------
Unannotated because one or more of these original files are unreadable:
- ./elf/./elf/do-rel.h

--------------------------------------------------------------------------------
-- Annotated source file: ./elf/./elf/get-dynamic-info.h
--------------------------------------------------------------------------------
Unannotated because one or more of these original files are unreadable:
- ./elf/./elf/get-dynamic-info.h

--------------------------------------------------------------------------------
-- Annotated source file: ./elf/./elf/rtld.c
--------------------------------------------------------------------------------
Unannotated because one or more of these original files are unreadable:
- ./elf/./elf/rtld.c

--------------------------------------------------------------------------------
-- Annotated source file: ./elf/./get-dynamic-info.h
--------------------------------------------------------------------------------
Unannotated because one or more of these original files are unreadable:
- ./elf/./get-dynamic-info.h

--------------------------------------------------------------------------------
-- Annotated source file: ./libio/./libio/fileops.c
--------------------------------------------------------------------------------
Unannotated because one or more of these original files are unreadable:
- ./libio/./libio/fileops.c

--------------------------------------------------------------------------------
-- Annotated source file: ./libio/./libio/genops.c
--------------------------------------------------------------------------------
Unannotated because one or more of these original files are unreadable:
- ./libio/./libio/genops.c

--------------------------------------------------------------------------------
-- Annotated source file: ./malloc/./malloc/malloc.c
--------------------------------------------------------------------------------
Unannotated because one or more of these original files are unreadable:
- ./malloc/./malloc/malloc.c

--------------------------------------------------------------------------------
-- Annotated source file: ./nptl/./nptl/libc-cleanup.c
--------------------------------------------------------------------------------
Unannotated because one or more of these original files are unreadable:
- ./nptl/./nptl/libc-cleanup.c

--------------------------------------------------------------------------------
-- Annotated source file: ./stdio-common/../libio/libioP.h
--------------------------------------------------------------------------------
Unannotated because one or more of these original files are unreadable:
- ./stdio-common/../libio/libioP.h

--------------------------------------------------------------------------------
-- Annotated source file: ./stdio-common/./stdio-common/_itoa.c
--------------------------------------------------------------------------------
Unannotated because one or more of these original files are unreadable:
- ./stdio-common/./stdio-common/_itoa.c

--------------------------------------------------------------------------------
-- Annotated source file: ./stdio-common/./stdio-common/printf.c
--------------------------------------------------------------------------------
Unannotated because one or more of these original files are unreadable:
- ./stdio-common/./stdio-common/printf.c

--------------------------------------------------------------------------------
-- Annotated source file: ./stdio-common/./stdio-common/vfprintf-internal.c
--------------------------------------------------------------------------------
Unannotated because one or more of these original files are unreadable:
- ./stdio-common/./stdio-common/vfprintf-internal.c

--------------------------------------------------------------------------------
-- Annotated source file: ./stdlib/../stdlib/strtol_l.c
--------------------------------------------------------------------------------
Unannotated because one or more of these original files are unreadable:
- ./stdlib/../stdlib/strtol_l.c

--------------------------------------------------------------------------------
-- Annotated source file: ./string/../sysdeps/x86_64/multiarch/../strchr.S
--------------------------------------------------------------------------------
Unannotated because one or more of these original files are unreadable:
- ./string/../sysdeps/x86_64/multiarch/../strchr.S

--------------------------------------------------------------------------------
-- Annotated source file: ./string/../sysdeps/x86_64/multiarch/memmove-vec-unaligned-erms.S
--------------------------------------------------------------------------------
Unannotated because one or more of these original files are unreadable:
- ./string/../sysdeps/x86_64/multiarch/memmove-vec-unaligned-erms.S

--------------------------------------------------------------------------------
-- Annotated source file: ./string/../sysdeps/x86_64/multiarch/memset-vec-unaligned-erms.S
--------------------------------------------------------------------------------
Unannotated because one or more of these original files are unreadable:
- ./string/../sysdeps/x86_64/multiarch/memset-vec-unaligned-erms.S

--------------------------------------------------------------------------------
-- Annotated source file: ./string/../sysdeps/x86_64/multiarch/strchr-avx2.S
--------------------------------------------------------------------------------
Unannotated because one or more of these original files are unreadable:
- ./string/../sysdeps/x86_64/multiarch/strchr-avx2.S

--------------------------------------------------------------------------------
-- Annotated source file: ./string/../sysdeps/x86_64/multiarch/strlen-vec.S
--------------------------------------------------------------------------------
Unannotated because one or more of these original files are unreadable:
- ./string/../sysdeps/x86_64/multiarch/strlen-vec.S

--------------------------------------------------------------------------------
-- Annotated source file: ./string/../sysdeps/x86_64/strcmp.S
--------------------------------------------------------------------------------
Unannotated because one or more of these original files are unreadable:
- ./string/../sysdeps/x86_64/strcmp.S

--------------------------------------------------------------------------------
-- Annotated source file: ./string/../sysdeps/x86_64/strcspn.S
--------------------------------------------------------------------------------
Unannotated because one or more of these original files are unreadable:
- ./string/../sysdeps/x86_64/strcspn.S

--------------------------------------------------------------------------------
-- Annotated source file: /home/spectre/Documents/The-UNSHARED-Spectre/PrimeProbe/primeprobe.c
--------------------------------------------------------------------------------
Ir__________ I1mr____ ILmr____ Dr________ D1mr____ DLmr____ Dw________ D1mw____ DLmw 

-- line 10 ----------------------------------------
    .        .        .          .        .        .          .        .           .  #define VICTIM_ARRAY_SIZE 4096
    .        .        .          .        .        .          .        .           .  #define ATTACKER_ARRAY_SIZE 1024
    .        .        .          .        .        .          .        .           .  #define PRIMING_ITERS 100
    .        .        .          .        .        .          .        .           .  int cache_size,number_of_sets,number_of_ways,line_size;
    .        .        .          .        .        .          .        .           .  int temp;
    .        .        .          .        .        .          .        .           .  char* attacker_array;
    .        .        .          .        .        .          .        .           .  char* victim_array;
    .        .        .          .        .        .          .        .           .  
    4 (0.0%) 0        0          0        0        0          2 (0.0%) 0           0  void prime_cache_set(int n){
  304 (0.2%) 1 (0.1%) 1 (0.1%) 201 (0.5%) 0        0          1 (0.0%) 0           0  	for(int i=0; i<PRIMING_ITERS; ++i){
2,000 (1.2%) 2 (0.1%) 2 (0.1%) 500 (1.2%) 1 (0.1%) 1 (0.1%) 100 (0.6%) 0           0  		temp += attacker_array[4096*(( 192 + (n>>6))%ATTACKER_ARRAY_SIZE) + n];
2,000 (1.2%) 1 (0.1%) 1 (0.1%) 500 (1.2%) 1 (0.1%) 1 (0.1%) 100 (0.6%) 0           0  		temp += attacker_array[4096*(( 237 + (n>>6))%ATTACKER_ARRAY_SIZE) + n];
2,000 (1.2%) 1 (0.1%) 1 (0.1%) 500 (1.2%) 1 (0.1%) 1 (0.1%) 100 (0.6%) 0           0  		temp += attacker_array[4096*(( 738 + (n>>6))%ATTACKER_ARRAY_SIZE) + n];
2,000 (1.2%) 1 (0.1%) 1 (0.1%) 500 (1.2%) 1 (0.1%) 1 (0.1%) 100 (0.6%) 0           0  		temp += attacker_array[4096*(( 963 + (n>>6))%ATTACKER_ARRAY_SIZE) + n];
2,000 (1.2%) 1 (0.1%) 1 (0.1%) 500 (1.2%) 1 (0.1%) 1 (0.1%) 100 (0.6%) 0           0  		temp += attacker_array[4096*(( 868 + (n>>6))%ATTACKER_ARRAY_SIZE) + n];
2,000 (1.2%) 1 (0.1%) 1 (0.1%) 500 (1.2%) 1 (0.1%) 1 (0.1%) 100 (0.6%) 0           0  		temp += attacker_array[4096*(( 792 + (n>>6))%ATTACKER_ARRAY_SIZE) + n];
2,000 (1.2%) 1 (0.1%) 1 (0.1%) 500 (1.2%) 1 (0.1%) 1 (0.1%) 100 (0.6%) 0           0  		temp += attacker_array[4096*(( 479 + (n>>6))%ATTACKER_ARRAY_SIZE) + n];
2,000 (1.2%) 0        0        500 (1.2%) 1 (0.1%) 1 (0.1%) 100 (0.6%) 0           0  		temp += attacker_array[4096*(( 592 + (n>>6))%ATTACKER_ARRAY_SIZE) + n];
    .        .        .          .        .        .          .        .           .  	}
    4 (0.0%) 0        0          2 (0.0%) 0        0          0        0           0  }
    .        .        .          .        .        .          .        .           .  
    .        .        .          .        .        .          .        .           .  unsigned long long rdtsc() {
    .        .        .          .        .        .          .        .           .  	unsigned long long a, d;
    .        .        .          .        .        .          .        .           .  	asm volatile ("mfence");
    .        .        .          .        .        .          .        .           .  	asm volatile ("rdtsc" : "=a" (a), "=d" (d));
    .        .        .          .        .        .          .        .           .  	a = (d<<32) | a;
    .        .        .          .        .        .          .        .           .  	asm volatile ("mfence");
    .        .        .          .        .        .          .        .           .  	return a;
-- line 37 ----------------------------------------
-- line 67 ----------------------------------------
    .        .        .          .        .        .          .        .           .  	for(int i=0; i<8; ++i){
    .        .        .          .        .        .          .        .           .  		printf("Set %d: %llu\n", i, timer[i]);
    .        .        .          .        .        .          .        .           .  	}
    .        .        .          .        .        .          .        .           .  }
    .        .        .          .        .        .          .        .           .  
    .        .        .          .        .        .          .        .           .  extern void probe_asm(char* attacker_array, long long * times,int n);
    .        .        .          .        .        .          .        .           .  
    .        .        .          .        .        .          .        .           .  
    7 (0.0%) 1 (0.1%) 1 (0.1%)   1 (0.0%) 0        0          2 (0.0%) 0           0  int main(){
    6 (0.0%) 1 (0.1%) 1 (0.1%)   0        0        0          2 (0.0%) 0           0  	int fd = open("/sys/devices/system/cpu/cpu0/cache/index0/size", O_RDONLY);	
    .        .        .          .        .        .          .        .           .  	char buf[10];
    1 (0.0%) 0        0          0        0        0          1 (0.0%) 0           0  	int i = -1;
    .        .        .          .        .        .          .        .           .  	do{
    3 (0.0%) 0        0          3 (0.0%) 0        0          0        0           0  		i++;
   27 (0.0%) 0        0          6 (0.0%) 0        0          3 (0.0%) 0           0  		read(fd, buf+i, 1);
    .        .        .          .        .        .          .        .           .  	}
   15 (0.0%) 1 (0.1%) 1 (0.1%)   6 (0.0%) 0        0          0        0           0  	while(buf[i] != 'K');
    3 (0.0%) 0        0          1 (0.0%) 0        0          1 (0.0%) 0           0  	buf[i] = '\0';
    5 (0.0%) 0        0          0        0        0          2 (0.0%) 1 (0.2%)    0  	cache_size = atoi(buf)*1024;
    6 (0.0%) 1 (0.1%) 1 (0.1%)   1 (0.0%) 0        0          1 (0.0%) 0           0  	printf("Cache size: %d\n", cache_size);
    .        .        .          .        .        .          .        .           .  
    .        .        .          .        .        .          .        .           .  	
    6 (0.0%) 0        0          0        0        0          2 (0.0%) 0           0  	fd = open("/sys/devices/system/cpu/cpu0/cache/index0/number_of_sets", O_RDONLY);	
    1 (0.0%) 0        0          0        0        0          1 (0.0%) 0           0  	i = -1;
    .        .        .          .        .        .          .        .           .  	do{
    4 (0.0%) 0        0          4 (0.0%) 0        0          0        0           0  		i++;
   36 (0.0%) 1 (0.1%) 1 (0.1%)   8 (0.0%) 0        0          4 (0.0%) 0           0  		read(fd, buf+i, 1);
    .        .        .          .        .        .          .        .           .  	}
   20 (0.0%) 0        0          8 (0.0%) 0        0          0        0           0  	while(buf[i] != '\0');
    3 (0.0%) 0        0          1 (0.0%) 0        0          1 (0.0%) 0           0  	buf[i] = '\0';
    4 (0.0%) 0        0          0        0        0          2 (0.0%) 0           0  	number_of_sets = atoi(buf);
    6 (0.0%) 1 (0.1%) 1 (0.1%)   1 (0.0%) 0        0          1 (0.0%) 0           0  	printf("Number of sets: %d\n", number_of_sets);
    .        .        .          .        .        .          .        .           .  
    .        .        .          .        .        .          .        .           .  
    6 (0.0%) 0        0          0        0        0          2 (0.0%) 0           0  	fd = open("/sys/devices/system/cpu/cpu0/cache/index0/ways_of_associativity", O_RDONLY);	
    1 (0.0%) 0        0          0        0        0          1 (0.0%) 0           0  	i = -1;
    .        .        .          .        .        .          .        .           .  	do{
    4 (0.0%) 0        0          4 (0.0%) 0        0          0        0           0  		i++;
   36 (0.0%) 1 (0.1%) 1 (0.1%)   8 (0.0%) 0        0          4 (0.0%) 0           0  		read(fd, buf+i, 1);
    .        .        .          .        .        .          .        .           .  	}
   20 (0.0%) 0        0          8 (0.0%) 0        0          0        0           0  	while(buf[i] != '\0');
    3 (0.0%) 0        0          1 (0.0%) 0        0          1 (0.0%) 0           0  	buf[i] = '\0';
    4 (0.0%) 1 (0.1%) 1 (0.1%)   0        0        0          2 (0.0%) 0           0  	number_of_ways = atoi(buf);
    6 (0.0%) 0        0          1 (0.0%) 0        0          1 (0.0%) 0           0  	printf("Number of ways: %d\n", number_of_ways);
    .        .        .          .        .        .          .        .           .  
    .        .        .          .        .        .          .        .           .  
    6 (0.0%) 0        0          0        0        0          2 (0.0%) 0           0  	fd = open("/sys/devices/system/cpu/cpu0/cache/index0/coherency_line_size", O_RDONLY);	
    1 (0.0%) 1 (0.1%) 1 (0.1%)   0        0        0          1 (0.0%) 0           0  	i = -1;
    .        .        .          .        .        .          .        .           .  	do{
    4 (0.0%) 0        0          4 (0.0%) 0        0          0        0           0  		i++;
   36 (0.0%) 0        0          8 (0.0%) 0        0          4 (0.0%) 0           0  		read(fd, buf+i, 1);
    .        .        .          .        .        .          .        .           .  	}
   20 (0.0%) 0        0          8 (0.0%) 0        0          0        0           0  	while(buf[i] != '\0');
    3 (0.0%) 0        0          1 (0.0%) 0        0          1 (0.0%) 0           0  	buf[i] = '\0';
    4 (0.0%) 1 (0.1%) 1 (0.1%)   0        0        0          2 (0.0%) 0           0  	line_size = atoi(buf);
    6 (0.0%) 0        0          1 (0.0%) 0        0          1 (0.0%) 0           0  	printf("Line size: %d\n", line_size);
    .        .        .          .        .        .          .        .           .  
    8 (0.0%) 1 (0.1%) 1 (0.1%)   4 (0.0%) 0        0          0        0           0  	assert(number_of_ways*number_of_sets*line_size == cache_size);
    .        .        .          .        .        .          .        .           .  	
    3 (0.0%) 1 (0.1%) 1 (0.1%)   0        0        0          2 (0.0%) 0           0  	attacker_array = (char*)malloc(ATTACKER_ARRAY_SIZE*4096*sizeof(int));
    3 (0.0%) 0        0          0        0        0          2 (0.0%) 0           0  	victim_array = (char*)malloc(VICTIM_ARRAY_SIZE*sizeof(int));
    .        .        .          .        .        .          .        .           .  		
    9 (0.0%) 1 (0.1%) 1 (0.1%)   2 (0.0%) 0        0          1 (0.0%) 0           0  	printf("Attacker array: %p %lu\n", attacker_array, ((unsigned long)attacker_array)%4096 );
    9 (0.0%) 0        0          2 (0.0%) 0        0          1 (0.0%) 0           0  	printf("Victim array: %p %lu\n", victim_array, ((unsigned long)victim_array)%4096 );
    .        .        .          .        .        .          .        .           .  
    4 (0.0%) 1 (0.1%) 1 (0.1%)   1 (0.0%) 0        0          1 (0.0%) 0           0  	attacker_array = (char*)((unsigned long)attacker_array + 4096 - ((unsigned long)attacker_array)%4096);
    4 (0.0%) 0        0          1 (0.0%) 0        0          1 (0.0%) 0           0  	victim_array = (char*)((unsigned long)victim_array + 4096 - ((unsigned long)victim_array)%4096);
    .        .        .          .        .        .          .        .           .  
    9 (0.0%) 1 (0.1%) 1 (0.1%)   2 (0.0%) 0        0          1 (0.0%) 0           0  	printf("Attacker array: %p %lu\n", attacker_array, ((unsigned long)attacker_array)%4096 );
    9 (0.0%) 1 (0.1%) 1 (0.1%)   2 (0.0%) 0        0          1 (0.0%) 0           0  	printf("Victim array: %p %lu\n", victim_array, ((unsigned long)victim_array)%4096 );
    .        .        .          .        .        .          .        .           .  
    1 (0.0%) 0        0          0        0        0          1 (0.0%) 0           0  	int n = 0xabc;
    3 (0.0%) 0        0          1 (0.0%) 0        0          1 (0.0%) 0           0  	prime_cache_set(n);
    8 (0.0%) 0        0          3 (0.0%) 1 (0.1%) 1 (0.1%)   1 (0.0%) 0           0  	temp = victim_array[(((n>>6))<<6)];
    .        .        .          .        .        .          .        .           .  	long long times[8];
    6 (0.0%) 1 (0.1%) 1 (0.1%)   2 (0.0%) 0        0          1 (0.0%) 0           0  	probe_asm(attacker_array, times, n);
   28 (0.0%) 0        0         17 (0.0%) 0        0          1 (0.0%) 0           0  	for(int i=0;i<8;i++){
   72 (0.0%) 0        0         16 (0.0%) 0        0          8 (0.0%) 0           0  		printf("%lld ",-1*times[i]);
    .        .        .          .        .        .          .        .           .  	}
    3 (0.0%) 0        0          0        0        0          1 (0.0%) 0           0  	printf("\n");
    5 (0.0%) 0        0          4 (0.0%) 0        0          0        0           0  }

--------------------------------------------------------------------------------
-- Annotation summary
--------------------------------------------------------------------------------
Ir_____________ I1mr_______ ILmr_______ Dr____________ D1mr_________ DLmr_________ Dw____________ D1mw_______ DLmw_______ 

 16,809  (9.7%)  26  (1.9%)  26  (1.9%)  4,344 (10.6%)     9  (0.6%)     9  (0.7%)    872  (5.4%)   1  (0.2%)   0            annotated: files known & above threshold & readable, line numbers known
      0           0           0              0             0             0              0           0           0            annotated: files known & above threshold & readable, line numbers unknown
      0           0           0              0             0             0              0           0           0          unannotated: files known & above threshold & two or more non-identical
150,434 (86.8%) 933 (67.8%) 916 (67.7%) 35,331 (85.9%) 1,552 (95.2%) 1,319 (98.0%) 14,551 (89.5%) 593 (92.9%) 559 (94.6%)  unannotated: files known & above threshold & unreadable 
  5,747  (3.3%) 389 (28.2%) 385 (28.4%)  1,297  (3.2%)    65  (4.0%)    18  (1.3%)    825  (5.1%)  43  (6.7%)  31  (5.2%)  unannotated: files known & below threshold
    386  (0.2%)  29  (2.1%)  27  (2.0%)    182  (0.4%)     5  (0.3%)     0             18  (0.1%)   1  (0.2%)   1  (0.2%)  unannotated: files unknown

